2022-06-04 15:07:24.818 DEBUG 16848 --- [http-nio-8090-exec-3] m.e.controller.HotelController           : 页码：1，页大小：5
2022-06-04 15:07:24.822 DEBUG 16848 --- [http-nio-8090-exec-3] m.e.m.HotelMapper.selectPage_mpCount     : ==>  Preparing: SELECT COUNT(*) AS total FROM tb_hotel
2022-06-04 15:07:24.823 DEBUG 16848 --- [http-nio-8090-exec-3] m.e.m.HotelMapper.selectPage_mpCount     : ==> Parameters: 
2022-06-04 15:07:24.826 DEBUG 16848 --- [http-nio-8090-exec-3] m.e.m.HotelMapper.selectPage_mpCount     : <==      Total: 1
2022-06-04 15:07:24.828 DEBUG 16848 --- [http-nio-8090-exec-3] m.e.mapper.HotelMapper.selectPage        : ==>  Preparing: SELECT id,name,address,price,score,brand,city,star_name,business,longitude,latitude,pic FROM tb_hotel LIMIT ?
2022-06-04 15:07:24.830 DEBUG 16848 --- [http-nio-8090-exec-3] m.e.mapper.HotelMapper.selectPage        : ==> Parameters: 5(Long)
2022-06-04 15:07:24.836 DEBUG 16848 --- [http-nio-8090-exec-3] m.e.mapper.HotelMapper.selectPage        : <==      Total: 5
2022-06-04 15:07:38.845 DEBUG 16848 --- [http-nio-8090-exec-2] m.e.controller.HotelController           : 页码：1，页大小：5
2022-06-04 15:07:38.848 DEBUG 16848 --- [http-nio-8090-exec-2] m.e.m.HotelMapper.selectPage_mpCount     : ==>  Preparing: SELECT COUNT(*) AS total FROM tb_hotel
2022-06-04 15:07:38.848 DEBUG 16848 --- [http-nio-8090-exec-2] m.e.m.HotelMapper.selectPage_mpCount     : ==> Parameters: 
2022-06-04 15:07:38.850 DEBUG 16848 --- [http-nio-8090-exec-2] m.e.m.HotelMapper.selectPage_mpCount     : <==      Total: 1
2022-06-04 15:07:38.851 DEBUG 16848 --- [http-nio-8090-exec-2] m.e.mapper.HotelMapper.selectPage        : ==>  Preparing: SELECT id,name,address,price,score,brand,city,star_name,business,longitude,latitude,pic FROM tb_hotel LIMIT ?
2022-06-04 15:07:38.852 DEBUG 16848 --- [http-nio-8090-exec-2] m.e.mapper.HotelMapper.selectPage        : ==> Parameters: 5(Long)
2022-06-04 15:07:38.853 DEBUG 16848 --- [http-nio-8090-exec-2] m.e.mapper.HotelMapper.selectPage        : <==      Total: 5
2022-06-04 15:07:44.271 DEBUG 16848 --- [http-nio-8090-exec-6] m.e.controller.HotelController           : 页码：3，页大小：5
2022-06-04 15:07:44.273 DEBUG 16848 --- [http-nio-8090-exec-6] m.e.m.HotelMapper.selectPage_mpCount     : ==>  Preparing: SELECT COUNT(*) AS total FROM tb_hotel
2022-06-04 15:07:44.273 DEBUG 16848 --- [http-nio-8090-exec-6] m.e.m.HotelMapper.selectPage_mpCount     : ==> Parameters: 
2022-06-04 15:07:44.275 DEBUG 16848 --- [http-nio-8090-exec-6] m.e.m.HotelMapper.selectPage_mpCount     : <==      Total: 1
2022-06-04 15:07:44.275 DEBUG 16848 --- [http-nio-8090-exec-6] m.e.mapper.HotelMapper.selectPage        : ==>  Preparing: SELECT id,name,address,price,score,brand,city,star_name,business,longitude,latitude,pic FROM tb_hotel LIMIT ?,?
2022-06-04 15:07:44.275 DEBUG 16848 --- [http-nio-8090-exec-6] m.e.mapper.HotelMapper.selectPage        : ==> Parameters: 10(Long), 5(Long)
2022-06-04 15:07:44.277 DEBUG 16848 --- [http-nio-8090-exec-6] m.e.mapper.HotelMapper.selectPage        : <==      Total: 5
2022-06-04 15:07:44.803 DEBUG 16848 --- [http-nio-8090-exec-8] m.e.controller.HotelController           : 页码：5，页大小：5
2022-06-04 15:07:44.804 DEBUG 16848 --- [http-nio-8090-exec-8] m.e.m.HotelMapper.selectPage_mpCount     : ==>  Preparing: SELECT COUNT(*) AS total FROM tb_hotel
2022-06-04 15:07:44.805 DEBUG 16848 --- [http-nio-8090-exec-8] m.e.m.HotelMapper.selectPage_mpCount     : ==> Parameters: 
2022-06-04 15:07:44.806 DEBUG 16848 --- [http-nio-8090-exec-8] m.e.m.HotelMapper.selectPage_mpCount     : <==      Total: 1
2022-06-04 15:07:44.807 DEBUG 16848 --- [http-nio-8090-exec-8] m.e.mapper.HotelMapper.selectPage        : ==>  Preparing: SELECT id,name,address,price,score,brand,city,star_name,business,longitude,latitude,pic FROM tb_hotel LIMIT ?,?
2022-06-04 15:07:44.807 DEBUG 16848 --- [http-nio-8090-exec-8] m.e.mapper.HotelMapper.selectPage        : ==> Parameters: 20(Long), 5(Long)
2022-06-04 15:07:44.809 DEBUG 16848 --- [http-nio-8090-exec-8] m.e.mapper.HotelMapper.selectPage        : <==      Total: 5
2022-06-04 15:07:45.560 DEBUG 16848 --- [http-nio-8090-exec-7] m.e.controller.HotelController           : 页码：7，页大小：5
2022-06-04 15:07:45.562 DEBUG 16848 --- [http-nio-8090-exec-7] m.e.m.HotelMapper.selectPage_mpCount     : ==>  Preparing: SELECT COUNT(*) AS total FROM tb_hotel
2022-06-04 15:07:45.562 DEBUG 16848 --- [http-nio-8090-exec-7] m.e.m.HotelMapper.selectPage_mpCount     : ==> Parameters: 
2022-06-04 15:07:45.564 DEBUG 16848 --- [http-nio-8090-exec-7] m.e.m.HotelMapper.selectPage_mpCount     : <==      Total: 1
2022-06-04 15:07:45.565 DEBUG 16848 --- [http-nio-8090-exec-7] m.e.mapper.HotelMapper.selectPage        : ==>  Preparing: SELECT id,name,address,price,score,brand,city,star_name,business,longitude,latitude,pic FROM tb_hotel LIMIT ?,?
2022-06-04 15:07:45.565 DEBUG 16848 --- [http-nio-8090-exec-7] m.e.mapper.HotelMapper.selectPage        : ==> Parameters: 30(Long), 5(Long)
2022-06-04 15:07:45.567 DEBUG 16848 --- [http-nio-8090-exec-7] m.e.mapper.HotelMapper.selectPage        : <==      Total: 5
2022-06-04 15:07:47.579 DEBUG 16848 --- [http-nio-8090-exec-9] m.e.controller.HotelController           : 页码：9，页大小：5
2022-06-04 15:07:47.581 DEBUG 16848 --- [http-nio-8090-exec-9] m.e.m.HotelMapper.selectPage_mpCount     : ==>  Preparing: SELECT COUNT(*) AS total FROM tb_hotel
2022-06-04 15:07:47.581 DEBUG 16848 --- [http-nio-8090-exec-9] m.e.m.HotelMapper.selectPage_mpCount     : ==> Parameters: 
2022-06-04 15:07:47.583 DEBUG 16848 --- [http-nio-8090-exec-9] m.e.m.HotelMapper.selectPage_mpCount     : <==      Total: 1
2022-06-04 15:07:47.583 DEBUG 16848 --- [http-nio-8090-exec-9] m.e.mapper.HotelMapper.selectPage        : ==>  Preparing: SELECT id,name,address,price,score,brand,city,star_name,business,longitude,latitude,pic FROM tb_hotel LIMIT ?,?
2022-06-04 15:07:47.584 DEBUG 16848 --- [http-nio-8090-exec-9] m.e.mapper.HotelMapper.selectPage        : ==> Parameters: 40(Long), 5(Long)
2022-06-04 15:07:47.586 DEBUG 16848 --- [http-nio-8090-exec-9] m.e.mapper.HotelMapper.selectPage        : <==      Total: 5
2022-06-04 15:07:49.728 DEBUG 16848 --- [http-nio-8090-exec-10] m.e.controller.HotelController           : 页码：10，页大小：5
2022-06-04 15:07:49.730 DEBUG 16848 --- [http-nio-8090-exec-10] m.e.m.HotelMapper.selectPage_mpCount     : ==>  Preparing: SELECT COUNT(*) AS total FROM tb_hotel
2022-06-04 15:07:49.730 DEBUG 16848 --- [http-nio-8090-exec-10] m.e.m.HotelMapper.selectPage_mpCount     : ==> Parameters: 
2022-06-04 15:07:49.732 DEBUG 16848 --- [http-nio-8090-exec-10] m.e.m.HotelMapper.selectPage_mpCount     : <==      Total: 1
2022-06-04 15:07:49.732 DEBUG 16848 --- [http-nio-8090-exec-10] m.e.mapper.HotelMapper.selectPage        : ==>  Preparing: SELECT id,name,address,price,score,brand,city,star_name,business,longitude,latitude,pic FROM tb_hotel LIMIT ?,?
2022-06-04 15:07:49.732 DEBUG 16848 --- [http-nio-8090-exec-10] m.e.mapper.HotelMapper.selectPage        : ==> Parameters: 45(Long), 5(Long)
2022-06-04 15:07:49.734 DEBUG 16848 --- [http-nio-8090-exec-10] m.e.mapper.HotelMapper.selectPage        : <==      Total: 5
2022-06-04 15:07:51.425 DEBUG 16848 --- [http-nio-8090-exec-5] m.e.controller.HotelController           : 页码：11，页大小：5
2022-06-04 15:07:51.427 DEBUG 16848 --- [http-nio-8090-exec-5] m.e.m.HotelMapper.selectPage_mpCount     : ==>  Preparing: SELECT COUNT(*) AS total FROM tb_hotel
2022-06-04 15:07:51.427 DEBUG 16848 --- [http-nio-8090-exec-5] m.e.m.HotelMapper.selectPage_mpCount     : ==> Parameters: 
2022-06-04 15:07:51.429 DEBUG 16848 --- [http-nio-8090-exec-5] m.e.m.HotelMapper.selectPage_mpCount     : <==      Total: 1
2022-06-04 15:07:51.429 DEBUG 16848 --- [http-nio-8090-exec-5] m.e.mapper.HotelMapper.selectPage        : ==>  Preparing: SELECT id,name,address,price,score,brand,city,star_name,business,longitude,latitude,pic FROM tb_hotel LIMIT ?,?
2022-06-04 15:07:51.429 DEBUG 16848 --- [http-nio-8090-exec-5] m.e.mapper.HotelMapper.selectPage        : ==> Parameters: 50(Long), 5(Long)
2022-06-04 15:07:51.431 DEBUG 16848 --- [http-nio-8090-exec-5] m.e.mapper.HotelMapper.selectPage        : <==      Total: 5
2022-06-04 15:07:53.524 DEBUG 16848 --- [http-nio-8090-exec-1] m.e.controller.HotelController           : 页码：9，页大小：5
2022-06-04 15:07:53.526 DEBUG 16848 --- [http-nio-8090-exec-1] m.e.m.HotelMapper.selectPage_mpCount     : ==>  Preparing: SELECT COUNT(*) AS total FROM tb_hotel
2022-06-04 15:07:53.526 DEBUG 16848 --- [http-nio-8090-exec-1] m.e.m.HotelMapper.selectPage_mpCount     : ==> Parameters: 
2022-06-04 15:07:53.528 DEBUG 16848 --- [http-nio-8090-exec-1] m.e.m.HotelMapper.selectPage_mpCount     : <==      Total: 1
2022-06-04 15:07:53.528 DEBUG 16848 --- [http-nio-8090-exec-1] m.e.mapper.HotelMapper.selectPage        : ==>  Preparing: SELECT id,name,address,price,score,brand,city,star_name,business,longitude,latitude,pic FROM tb_hotel LIMIT ?,?
2022-06-04 15:07:53.529 DEBUG 16848 --- [http-nio-8090-exec-1] m.e.mapper.HotelMapper.selectPage        : ==> Parameters: 40(Long), 5(Long)
2022-06-04 15:07:53.530 DEBUG 16848 --- [http-nio-8090-exec-1] m.e.mapper.HotelMapper.selectPage        : <==      Total: 5
2022-06-04 15:07:54.714 DEBUG 16848 --- [http-nio-8090-exec-2] m.e.controller.HotelController           : 页码：8，页大小：5
2022-06-04 15:07:54.716 DEBUG 16848 --- [http-nio-8090-exec-2] m.e.m.HotelMapper.selectPage_mpCount     : ==>  Preparing: SELECT COUNT(*) AS total FROM tb_hotel
2022-06-04 15:07:54.716 DEBUG 16848 --- [http-nio-8090-exec-2] m.e.m.HotelMapper.selectPage_mpCount     : ==> Parameters: 
2022-06-04 15:07:54.718 DEBUG 16848 --- [http-nio-8090-exec-2] m.e.m.HotelMapper.selectPage_mpCount     : <==      Total: 1
2022-06-04 15:07:54.718 DEBUG 16848 --- [http-nio-8090-exec-2] m.e.mapper.HotelMapper.selectPage        : ==>  Preparing: SELECT id,name,address,price,score,brand,city,star_name,business,longitude,latitude,pic FROM tb_hotel LIMIT ?,?
2022-06-04 15:07:54.719 DEBUG 16848 --- [http-nio-8090-exec-2] m.e.mapper.HotelMapper.selectPage        : ==> Parameters: 35(Long), 5(Long)
2022-06-04 15:07:54.720 DEBUG 16848 --- [http-nio-8090-exec-2] m.e.mapper.HotelMapper.selectPage        : <==      Total: 5
2022-06-04 15:07:55.545 DEBUG 16848 --- [http-nio-8090-exec-3] m.e.controller.HotelController           : 页码：9，页大小：5
2022-06-04 15:07:55.546 DEBUG 16848 --- [http-nio-8090-exec-3] m.e.m.HotelMapper.selectPage_mpCount     : ==>  Preparing: SELECT COUNT(*) AS total FROM tb_hotel
2022-06-04 15:07:55.546 DEBUG 16848 --- [http-nio-8090-exec-3] m.e.m.HotelMapper.selectPage_mpCount     : ==> Parameters: 
2022-06-04 15:07:55.548 DEBUG 16848 --- [http-nio-8090-exec-3] m.e.m.HotelMapper.selectPage_mpCount     : <==      Total: 1
2022-06-04 15:07:55.549 DEBUG 16848 --- [http-nio-8090-exec-3] m.e.mapper.HotelMapper.selectPage        : ==>  Preparing: SELECT id,name,address,price,score,brand,city,star_name,business,longitude,latitude,pic FROM tb_hotel LIMIT ?,?
2022-06-04 15:07:55.549 DEBUG 16848 --- [http-nio-8090-exec-3] m.e.mapper.HotelMapper.selectPage        : ==> Parameters: 40(Long), 5(Long)
2022-06-04 15:07:55.550 DEBUG 16848 --- [http-nio-8090-exec-3] m.e.mapper.HotelMapper.selectPage        : <==      Total: 5
2022-06-04 15:07:56.519 DEBUG 16848 --- [http-nio-8090-exec-4] m.e.controller.HotelController           : 页码：10，页大小：5
2022-06-04 15:07:56.520 DEBUG 16848 --- [http-nio-8090-exec-4] m.e.m.HotelMapper.selectPage_mpCount     : ==>  Preparing: SELECT COUNT(*) AS total FROM tb_hotel
2022-06-04 15:07:56.521 DEBUG 16848 --- [http-nio-8090-exec-4] m.e.m.HotelMapper.selectPage_mpCount     : ==> Parameters: 
2022-06-04 15:07:56.522 DEBUG 16848 --- [http-nio-8090-exec-4] m.e.m.HotelMapper.selectPage_mpCount     : <==      Total: 1
2022-06-04 15:07:56.523 DEBUG 16848 --- [http-nio-8090-exec-4] m.e.mapper.HotelMapper.selectPage        : ==>  Preparing: SELECT id,name,address,price,score,brand,city,star_name,business,longitude,latitude,pic FROM tb_hotel LIMIT ?,?
2022-06-04 15:07:56.523 DEBUG 16848 --- [http-nio-8090-exec-4] m.e.mapper.HotelMapper.selectPage        : ==> Parameters: 45(Long), 5(Long)
2022-06-04 15:07:56.524 DEBUG 16848 --- [http-nio-8090-exec-4] m.e.mapper.HotelMapper.selectPage        : <==      Total: 5
2022-06-04 15:07:57.514 DEBUG 16848 --- [http-nio-8090-exec-6] m.e.controller.HotelController           : 页码：12，页大小：5
2022-06-04 15:07:57.516 DEBUG 16848 --- [http-nio-8090-exec-6] m.e.m.HotelMapper.selectPage_mpCount     : ==>  Preparing: SELECT COUNT(*) AS total FROM tb_hotel
2022-06-04 15:07:57.516 DEBUG 16848 --- [http-nio-8090-exec-6] m.e.m.HotelMapper.selectPage_mpCount     : ==> Parameters: 
2022-06-04 15:07:57.518 DEBUG 16848 --- [http-nio-8090-exec-6] m.e.m.HotelMapper.selectPage_mpCount     : <==      Total: 1
2022-06-04 15:07:57.518 DEBUG 16848 --- [http-nio-8090-exec-6] m.e.mapper.HotelMapper.selectPage        : ==>  Preparing: SELECT id,name,address,price,score,brand,city,star_name,business,longitude,latitude,pic FROM tb_hotel LIMIT ?,?
2022-06-04 15:07:57.518 DEBUG 16848 --- [http-nio-8090-exec-6] m.e.mapper.HotelMapper.selectPage        : ==> Parameters: 55(Long), 5(Long)
2022-06-04 15:07:57.519 DEBUG 16848 --- [http-nio-8090-exec-6] m.e.mapper.HotelMapper.selectPage        : <==      Total: 5
2022-06-04 15:07:58.946 DEBUG 16848 --- [http-nio-8090-exec-8] m.e.controller.HotelController           : 页码：13，页大小：5
2022-06-04 15:07:58.948 DEBUG 16848 --- [http-nio-8090-exec-8] m.e.m.HotelMapper.selectPage_mpCount     : ==>  Preparing: SELECT COUNT(*) AS total FROM tb_hotel
2022-06-04 15:07:58.948 DEBUG 16848 --- [http-nio-8090-exec-8] m.e.m.HotelMapper.selectPage_mpCount     : ==> Parameters: 
2022-06-04 15:07:58.950 DEBUG 16848 --- [http-nio-8090-exec-8] m.e.m.HotelMapper.selectPage_mpCount     : <==      Total: 1
2022-06-04 15:07:58.950 DEBUG 16848 --- [http-nio-8090-exec-8] m.e.mapper.HotelMapper.selectPage        : ==>  Preparing: SELECT id,name,address,price,score,brand,city,star_name,business,longitude,latitude,pic FROM tb_hotel LIMIT ?,?
2022-06-04 15:07:58.951 DEBUG 16848 --- [http-nio-8090-exec-8] m.e.mapper.HotelMapper.selectPage        : ==> Parameters: 60(Long), 5(Long)
2022-06-04 15:07:58.952 DEBUG 16848 --- [http-nio-8090-exec-8] m.e.mapper.HotelMapper.selectPage        : <==      Total: 5
2022-06-04 15:07:59.914 DEBUG 16848 --- [http-nio-8090-exec-7] m.e.controller.HotelController           : 页码：15，页大小：5
2022-06-04 15:07:59.915 DEBUG 16848 --- [http-nio-8090-exec-7] m.e.m.HotelMapper.selectPage_mpCount     : ==>  Preparing: SELECT COUNT(*) AS total FROM tb_hotel
2022-06-04 15:07:59.916 DEBUG 16848 --- [http-nio-8090-exec-7] m.e.m.HotelMapper.selectPage_mpCount     : ==> Parameters: 
2022-06-04 15:07:59.917 DEBUG 16848 --- [http-nio-8090-exec-7] m.e.m.HotelMapper.selectPage_mpCount     : <==      Total: 1
2022-06-04 15:07:59.918 DEBUG 16848 --- [http-nio-8090-exec-7] m.e.mapper.HotelMapper.selectPage        : ==>  Preparing: SELECT id,name,address,price,score,brand,city,star_name,business,longitude,latitude,pic FROM tb_hotel LIMIT ?,?
2022-06-04 15:07:59.918 DEBUG 16848 --- [http-nio-8090-exec-7] m.e.mapper.HotelMapper.selectPage        : ==> Parameters: 70(Long), 5(Long)
2022-06-04 15:07:59.919 DEBUG 16848 --- [http-nio-8090-exec-7] m.e.mapper.HotelMapper.selectPage        : <==      Total: 5
2022-06-04 15:08:03.548 DEBUG 16848 --- [http-nio-8090-exec-9] m.e.controller.HotelController           : 页码：17，页大小：5
2022-06-04 15:08:03.549 DEBUG 16848 --- [http-nio-8090-exec-9] m.e.m.HotelMapper.selectPage_mpCount     : ==>  Preparing: SELECT COUNT(*) AS total FROM tb_hotel
2022-06-04 15:08:03.549 DEBUG 16848 --- [http-nio-8090-exec-9] m.e.m.HotelMapper.selectPage_mpCount     : ==> Parameters: 
2022-06-04 15:08:03.551 DEBUG 16848 --- [http-nio-8090-exec-9] m.e.m.HotelMapper.selectPage_mpCount     : <==      Total: 1
2022-06-04 15:08:03.552 DEBUG 16848 --- [http-nio-8090-exec-9] m.e.mapper.HotelMapper.selectPage        : ==>  Preparing: SELECT id,name,address,price,score,brand,city,star_name,business,longitude,latitude,pic FROM tb_hotel LIMIT ?,?
2022-06-04 15:08:03.552 DEBUG 16848 --- [http-nio-8090-exec-9] m.e.mapper.HotelMapper.selectPage        : ==> Parameters: 80(Long), 5(Long)
2022-06-04 15:08:03.553 DEBUG 16848 --- [http-nio-8090-exec-9] m.e.mapper.HotelMapper.selectPage        : <==      Total: 5
