2022-06-04 20:26:22.361 DEBUG 1328 --- [http-nio-8090-exec-10] m.e.mapper.HotelMapper.selectPage        : ==> Parameters: 20(Long), 5(Long)
2022-06-04 20:26:22.365 DEBUG 1328 --- [http-nio-8090-exec-10] m.e.mapper.HotelMapper.selectPage        : <==      Total: 5
2022-06-04 20:26:23.072 DEBUG 1328 --- [http-nio-8090-exec-2] m.e.controller.HotelController           : 页码：6，页大小：5
2022-06-04 20:26:23.076 DEBUG 1328 --- [http-nio-8090-exec-2] m.e.m.HotelMapper.selectPage_mpCount     : ==>  Preparing: SELECT COUNT(*) AS total FROM tb_hotel
2022-06-04 20:26:23.076 DEBUG 1328 --- [http-nio-8090-exec-2] m.e.m.HotelMapper.selectPage_mpCount     : ==> Parameters: 
2022-06-04 20:26:23.078 DEBUG 1328 --- [http-nio-8090-exec-2] m.e.m.HotelMapper.selectPage_mpCount     : <==      Total: 1
2022-06-04 20:26:23.079 DEBUG 1328 --- [http-nio-8090-exec-2] m.e.mapper.HotelMapper.selectPage        : ==>  Preparing: SELECT id,name,address,price,score,brand,city,star_name,business,longitude,latitude,pic FROM tb_hotel LIMIT ?,?
2022-06-04 20:26:23.080 DEBUG 1328 --- [http-nio-8090-exec-2] m.e.mapper.HotelMapper.selectPage        : ==> Parameters: 25(Long), 5(Long)
2022-06-04 20:26:23.081 DEBUG 1328 --- [http-nio-8090-exec-2] m.e.mapper.HotelMapper.selectPage        : <==      Total: 5
2022-06-04 20:26:23.785 DEBUG 1328 --- [http-nio-8090-exec-3] m.e.controller.HotelController           : 页码：8，页大小：5
2022-06-04 20:26:23.786 DEBUG 1328 --- [http-nio-8090-exec-3] m.e.m.HotelMapper.selectPage_mpCount     : ==>  Preparing: SELECT COUNT(*) AS total FROM tb_hotel
2022-06-04 20:26:23.786 DEBUG 1328 --- [http-nio-8090-exec-3] m.e.m.HotelMapper.selectPage_mpCount     : ==> Parameters: 
2022-06-04 20:26:23.787 DEBUG 1328 --- [http-nio-8090-exec-3] m.e.m.HotelMapper.selectPage_mpCount     : <==      Total: 1
2022-06-04 20:26:23.788 DEBUG 1328 --- [http-nio-8090-exec-3] m.e.mapper.HotelMapper.selectPage        : ==>  Preparing: SELECT id,name,address,price,score,brand,city,star_name,business,longitude,latitude,pic FROM tb_hotel LIMIT ?,?
2022-06-04 20:26:23.788 DEBUG 1328 --- [http-nio-8090-exec-3] m.e.mapper.HotelMapper.selectPage        : ==> Parameters: 35(Long), 5(Long)
2022-06-04 20:26:23.789 DEBUG 1328 --- [http-nio-8090-exec-3] m.e.mapper.HotelMapper.selectPage        : <==      Total: 5
2022-06-04 20:26:25.307 DEBUG 1328 --- [http-nio-8090-exec-5] m.e.controller.HotelController           : 页码：9，页大小：5
2022-06-04 20:26:25.308 DEBUG 1328 --- [http-nio-8090-exec-5] m.e.m.HotelMapper.selectPage_mpCount     : ==>  Preparing: SELECT COUNT(*) AS total FROM tb_hotel
2022-06-04 20:26:25.309 DEBUG 1328 --- [http-nio-8090-exec-5] m.e.m.HotelMapper.selectPage_mpCount     : ==> Parameters: 
2022-06-04 20:26:25.310 DEBUG 1328 --- [http-nio-8090-exec-5] m.e.m.HotelMapper.selectPage_mpCount     : <==      Total: 1
2022-06-04 20:26:25.311 DEBUG 1328 --- [http-nio-8090-exec-5] m.e.mapper.HotelMapper.selectPage        : ==>  Preparing: SELECT id,name,address,price,score,brand,city,star_name,business,longitude,latitude,pic FROM tb_hotel LIMIT ?,?
2022-06-04 20:26:25.311 DEBUG 1328 --- [http-nio-8090-exec-5] m.e.mapper.HotelMapper.selectPage        : ==> Parameters: 40(Long), 5(Long)
2022-06-04 20:26:25.312 DEBUG 1328 --- [http-nio-8090-exec-5] m.e.mapper.HotelMapper.selectPage        : <==      Total: 5
2022-06-04 20:26:26.311 DEBUG 1328 --- [http-nio-8090-exec-8] m.e.controller.HotelController           : 页码：10，页大小：5
2022-06-04 20:26:26.312 DEBUG 1328 --- [http-nio-8090-exec-8] m.e.m.HotelMapper.selectPage_mpCount     : ==>  Preparing: SELECT COUNT(*) AS total FROM tb_hotel
2022-06-04 20:26:26.312 DEBUG 1328 --- [http-nio-8090-exec-8] m.e.m.HotelMapper.selectPage_mpCount     : ==> Parameters: 
2022-06-04 20:26:26.314 DEBUG 1328 --- [http-nio-8090-exec-8] m.e.m.HotelMapper.selectPage_mpCount     : <==      Total: 1
2022-06-04 20:26:26.314 DEBUG 1328 --- [http-nio-8090-exec-8] m.e.mapper.HotelMapper.selectPage        : ==>  Preparing: SELECT id,name,address,price,score,brand,city,star_name,business,longitude,latitude,pic FROM tb_hotel LIMIT ?,?
2022-06-04 20:26:26.315 DEBUG 1328 --- [http-nio-8090-exec-8] m.e.mapper.HotelMapper.selectPage        : ==> Parameters: 45(Long), 5(Long)
2022-06-04 20:26:26.316 DEBUG 1328 --- [http-nio-8090-exec-8] m.e.mapper.HotelMapper.selectPage        : <==      Total: 5
2022-06-04 20:26:27.391 DEBUG 1328 --- [http-nio-8090-exec-4] m.e.controller.HotelController           : 页码：12，页大小：5
2022-06-04 20:26:27.392 DEBUG 1328 --- [http-nio-8090-exec-4] m.e.m.HotelMapper.selectPage_mpCount     : ==>  Preparing: SELECT COUNT(*) AS total FROM tb_hotel
2022-06-04 20:26:27.392 DEBUG 1328 --- [http-nio-8090-exec-4] m.e.m.HotelMapper.selectPage_mpCount     : ==> Parameters: 
2022-06-04 20:26:27.394 DEBUG 1328 --- [http-nio-8090-exec-4] m.e.m.HotelMapper.selectPage_mpCount     : <==      Total: 1
2022-06-04 20:26:27.394 DEBUG 1328 --- [http-nio-8090-exec-4] m.e.mapper.HotelMapper.selectPage        : ==>  Preparing: SELECT id,name,address,price,score,brand,city,star_name,business,longitude,latitude,pic FROM tb_hotel LIMIT ?,?
2022-06-04 20:26:27.395 DEBUG 1328 --- [http-nio-8090-exec-4] m.e.mapper.HotelMapper.selectPage        : ==> Parameters: 55(Long), 5(Long)
2022-06-04 20:26:27.396 DEBUG 1328 --- [http-nio-8090-exec-4] m.e.mapper.HotelMapper.selectPage        : <==      Total: 5
2022-06-04 20:26:28.506 DEBUG 1328 --- [http-nio-8090-exec-6] m.e.controller.HotelController           : 页码：13，页大小：5
2022-06-04 20:26:28.507 DEBUG 1328 --- [http-nio-8090-exec-6] m.e.m.HotelMapper.selectPage_mpCount     : ==>  Preparing: SELECT COUNT(*) AS total FROM tb_hotel
2022-06-04 20:26:28.508 DEBUG 1328 --- [http-nio-8090-exec-6] m.e.m.HotelMapper.selectPage_mpCount     : ==> Parameters: 
2022-06-04 20:26:28.509 DEBUG 1328 --- [http-nio-8090-exec-6] m.e.m.HotelMapper.selectPage_mpCount     : <==      Total: 1
2022-06-04 20:26:28.510 DEBUG 1328 --- [http-nio-8090-exec-6] m.e.mapper.HotelMapper.selectPage        : ==>  Preparing: SELECT id,name,address,price,score,brand,city,star_name,business,longitude,latitude,pic FROM tb_hotel LIMIT ?,?
2022-06-04 20:26:28.510 DEBUG 1328 --- [http-nio-8090-exec-6] m.e.mapper.HotelMapper.selectPage        : ==> Parameters: 60(Long), 5(Long)
2022-06-04 20:26:28.511 DEBUG 1328 --- [http-nio-8090-exec-6] m.e.mapper.HotelMapper.selectPage        : <==      Total: 5
2022-06-04 20:26:29.347 DEBUG 1328 --- [http-nio-8090-exec-7] m.e.controller.HotelController           : 页码：15，页大小：5
2022-06-04 20:26:29.348 DEBUG 1328 --- [http-nio-8090-exec-7] m.e.m.HotelMapper.selectPage_mpCount     : ==>  Preparing: SELECT COUNT(*) AS total FROM tb_hotel
2022-06-04 20:26:29.348 DEBUG 1328 --- [http-nio-8090-exec-7] m.e.m.HotelMapper.selectPage_mpCount     : ==> Parameters: 
2022-06-04 20:26:29.350 DEBUG 1328 --- [http-nio-8090-exec-7] m.e.m.HotelMapper.selectPage_mpCount     : <==      Total: 1
2022-06-04 20:26:29.350 DEBUG 1328 --- [http-nio-8090-exec-7] m.e.mapper.HotelMapper.selectPage        : ==>  Preparing: SELECT id,name,address,price,score,brand,city,star_name,business,longitude,latitude,pic FROM tb_hotel LIMIT ?,?
2022-06-04 20:26:29.350 DEBUG 1328 --- [http-nio-8090-exec-7] m.e.mapper.HotelMapper.selectPage        : ==> Parameters: 70(Long), 5(Long)
2022-06-04 20:26:29.351 DEBUG 1328 --- [http-nio-8090-exec-7] m.e.mapper.HotelMapper.selectPage        : <==      Total: 5
2022-06-04 20:26:30.019 DEBUG 1328 --- [http-nio-8090-exec-9] m.e.controller.HotelController           : 页码：17，页大小：5
2022-06-04 20:26:30.021 DEBUG 1328 --- [http-nio-8090-exec-9] m.e.m.HotelMapper.selectPage_mpCount     : ==>  Preparing: SELECT COUNT(*) AS total FROM tb_hotel
2022-06-04 20:26:30.021 DEBUG 1328 --- [http-nio-8090-exec-9] m.e.m.HotelMapper.selectPage_mpCount     : ==> Parameters: 
2022-06-04 20:26:30.023 DEBUG 1328 --- [http-nio-8090-exec-9] m.e.m.HotelMapper.selectPage_mpCount     : <==      Total: 1
2022-06-04 20:26:30.023 DEBUG 1328 --- [http-nio-8090-exec-9] m.e.mapper.HotelMapper.selectPage        : ==>  Preparing: SELECT id,name,address,price,score,brand,city,star_name,business,longitude,latitude,pic FROM tb_hotel LIMIT ?,?
2022-06-04 20:26:30.023 DEBUG 1328 --- [http-nio-8090-exec-9] m.e.mapper.HotelMapper.selectPage        : ==> Parameters: 80(Long), 5(Long)
2022-06-04 20:26:30.024 DEBUG 1328 --- [http-nio-8090-exec-9] m.e.mapper.HotelMapper.selectPage        : <==      Total: 5
2022-06-04 20:26:30.894 DEBUG 1328 --- [http-nio-8090-exec-1] m.e.controller.HotelController           : 页码：22，页大小：5
2022-06-04 20:26:30.896 DEBUG 1328 --- [http-nio-8090-exec-1] m.e.m.HotelMapper.selectPage_mpCount     : ==>  Preparing: SELECT COUNT(*) AS total FROM tb_hotel
2022-06-04 20:26:30.896 DEBUG 1328 --- [http-nio-8090-exec-1] m.e.m.HotelMapper.selectPage_mpCount     : ==> Parameters: 
2022-06-04 20:26:30.897 DEBUG 1328 --- [http-nio-8090-exec-1] m.e.m.HotelMapper.selectPage_mpCount     : <==      Total: 1
2022-06-04 20:26:30.898 DEBUG 1328 --- [http-nio-8090-exec-1] m.e.mapper.HotelMapper.selectPage        : ==>  Preparing: SELECT id,name,address,price,score,brand,city,star_name,business,longitude,latitude,pic FROM tb_hotel LIMIT ?,?
2022-06-04 20:26:30.898 DEBUG 1328 --- [http-nio-8090-exec-1] m.e.mapper.HotelMapper.selectPage        : ==> Parameters: 105(Long), 5(Long)
2022-06-04 20:26:30.899 DEBUG 1328 --- [http-nio-8090-exec-1] m.e.mapper.HotelMapper.selectPage        : <==      Total: 5
2022-06-04 20:26:33.105 DEBUG 1328 --- [http-nio-8090-exec-10] m.e.controller.HotelController           : 页码：24，页大小：5
2022-06-04 20:26:33.106 DEBUG 1328 --- [http-nio-8090-exec-10] m.e.m.HotelMapper.selectPage_mpCount     : ==>  Preparing: SELECT COUNT(*) AS total FROM tb_hotel
2022-06-04 20:26:33.106 DEBUG 1328 --- [http-nio-8090-exec-10] m.e.m.HotelMapper.selectPage_mpCount     : ==> Parameters: 
2022-06-04 20:26:33.108 DEBUG 1328 --- [http-nio-8090-exec-10] m.e.m.HotelMapper.selectPage_mpCount     : <==      Total: 1
2022-06-04 20:26:33.109 DEBUG 1328 --- [http-nio-8090-exec-10] m.e.mapper.HotelMapper.selectPage        : ==>  Preparing: SELECT id,name,address,price,score,brand,city,star_name,business,longitude,latitude,pic FROM tb_hotel LIMIT ?,?
2022-06-04 20:26:33.109 DEBUG 1328 --- [http-nio-8090-exec-10] m.e.mapper.HotelMapper.selectPage        : ==> Parameters: 115(Long), 5(Long)
2022-06-04 20:26:33.110 DEBUG 1328 --- [http-nio-8090-exec-10] m.e.mapper.HotelMapper.selectPage        : <==      Total: 5
2022-06-04 20:26:34.071 DEBUG 1328 --- [http-nio-8090-exec-2] m.e.controller.HotelController           : 页码：26，页大小：5
2022-06-04 20:26:34.072 DEBUG 1328 --- [http-nio-8090-exec-2] m.e.m.HotelMapper.selectPage_mpCount     : ==>  Preparing: SELECT COUNT(*) AS total FROM tb_hotel
2022-06-04 20:26:34.072 DEBUG 1328 --- [http-nio-8090-exec-2] m.e.m.HotelMapper.selectPage_mpCount     : ==> Parameters: 
2022-06-04 20:26:34.074 DEBUG 1328 --- [http-nio-8090-exec-2] m.e.m.HotelMapper.selectPage_mpCount     : <==      Total: 1
2022-06-04 20:26:34.074 DEBUG 1328 --- [http-nio-8090-exec-2] m.e.mapper.HotelMapper.selectPage        : ==>  Preparing: SELECT id,name,address,price,score,brand,city,star_name,business,longitude,latitude,pic FROM tb_hotel LIMIT ?,?
2022-06-04 20:26:34.074 DEBUG 1328 --- [http-nio-8090-exec-2] m.e.mapper.HotelMapper.selectPage        : ==> Parameters: 125(Long), 5(Long)
2022-06-04 20:26:34.075 DEBUG 1328 --- [http-nio-8090-exec-2] m.e.mapper.HotelMapper.selectPage        : <==      Total: 5
2022-06-04 20:26:34.835 DEBUG 1328 --- [http-nio-8090-exec-3] m.e.controller.HotelController           : 页码：28，页大小：5
2022-06-04 20:26:34.836 DEBUG 1328 --- [http-nio-8090-exec-3] m.e.m.HotelMapper.selectPage_mpCount     : ==>  Preparing: SELECT COUNT(*) AS total FROM tb_hotel
2022-06-04 20:26:34.836 DEBUG 1328 --- [http-nio-8090-exec-3] m.e.m.HotelMapper.selectPage_mpCount     : ==> Parameters: 
2022-06-04 20:26:34.838 DEBUG 1328 --- [http-nio-8090-exec-3] m.e.m.HotelMapper.selectPage_mpCount     : <==      Total: 1
2022-06-04 20:26:34.838 DEBUG 1328 --- [http-nio-8090-exec-3] m.e.mapper.HotelMapper.selectPage        : ==>  Preparing: SELECT id,name,address,price,score,brand,city,star_name,business,longitude,latitude,pic FROM tb_hotel LIMIT ?,?
2022-06-04 20:26:34.839 DEBUG 1328 --- [http-nio-8090-exec-3] m.e.mapper.HotelMapper.selectPage        : ==> Parameters: 135(Long), 5(Long)
2022-06-04 20:26:34.840 DEBUG 1328 --- [http-nio-8090-exec-3] m.e.mapper.HotelMapper.selectPage        : <==      Total: 5
2022-06-04 20:26:35.684 DEBUG 1328 --- [http-nio-8090-exec-5] m.e.controller.HotelController           : 页码：30，页大小：5
2022-06-04 20:26:35.685 DEBUG 1328 --- [http-nio-8090-exec-5] m.e.m.HotelMapper.selectPage_mpCount     : ==>  Preparing: SELECT COUNT(*) AS total FROM tb_hotel
2022-06-04 20:26:35.685 DEBUG 1328 --- [http-nio-8090-exec-5] m.e.m.HotelMapper.selectPage_mpCount     : ==> Parameters: 
2022-06-04 20:26:35.687 DEBUG 1328 --- [http-nio-8090-exec-5] m.e.m.HotelMapper.selectPage_mpCount     : <==      Total: 1
2022-06-04 20:26:35.687 DEBUG 1328 --- [http-nio-8090-exec-5] m.e.mapper.HotelMapper.selectPage        : ==>  Preparing: SELECT id,name,address,price,score,brand,city,star_name,business,longitude,latitude,pic FROM tb_hotel LIMIT ?,?
2022-06-04 20:26:35.687 DEBUG 1328 --- [http-nio-8090-exec-5] m.e.mapper.HotelMapper.selectPage        : ==> Parameters: 145(Long), 5(Long)
2022-06-04 20:26:35.688 DEBUG 1328 --- [http-nio-8090-exec-5] m.e.mapper.HotelMapper.selectPage        : <==      Total: 5
2022-06-04 20:26:36.982 DEBUG 1328 --- [http-nio-8090-exec-8] m.e.controller.HotelController           : 页码：32，页大小：5
2022-06-04 20:26:36.983 DEBUG 1328 --- [http-nio-8090-exec-8] m.e.m.HotelMapper.selectPage_mpCount     : ==>  Preparing: SELECT COUNT(*) AS total FROM tb_hotel
2022-06-04 20:26:36.983 DEBUG 1328 --- [http-nio-8090-exec-8] m.e.m.HotelMapper.selectPage_mpCount     : ==> Parameters: 
2022-06-04 20:26:36.985 DEBUG 1328 --- [http-nio-8090-exec-8] m.e.m.HotelMapper.selectPage_mpCount     : <==      Total: 1
2022-06-04 20:26:36.986 DEBUG 1328 --- [http-nio-8090-exec-8] m.e.mapper.HotelMapper.selectPage        : ==>  Preparing: SELECT id,name,address,price,score,brand,city,star_name,business,longitude,latitude,pic FROM tb_hotel LIMIT ?,?
2022-06-04 20:26:36.986 DEBUG 1328 --- [http-nio-8090-exec-8] m.e.mapper.HotelMapper.selectPage        : ==> Parameters: 155(Long), 5(Long)
2022-06-04 20:26:36.987 DEBUG 1328 --- [http-nio-8090-exec-8] m.e.mapper.HotelMapper.selectPage        : <==      Total: 5
2022-06-04 20:26:38.717 DEBUG 1328 --- [http-nio-8090-exec-4] m.e.controller.HotelController           : 页码：27，页大小：5
2022-06-04 20:26:38.718 DEBUG 1328 --- [http-nio-8090-exec-4] m.e.m.HotelMapper.selectPage_mpCount     : ==>  Preparing: SELECT COUNT(*) AS total FROM tb_hotel
2022-06-04 20:26:38.718 DEBUG 1328 --- [http-nio-8090-exec-4] m.e.m.HotelMapper.selectPage_mpCount     : ==> Parameters: 
2022-06-04 20:26:38.720 DEBUG 1328 --- [http-nio-8090-exec-4] m.e.m.HotelMapper.selectPage_mpCount     : <==      Total: 1
2022-06-04 20:26:38.720 DEBUG 1328 --- [http-nio-8090-exec-4] m.e.mapper.HotelMapper.selectPage        : ==>  Preparing: SELECT id,name,address,price,score,brand,city,star_name,business,longitude,latitude,pic FROM tb_hotel LIMIT ?,?
2022-06-04 20:26:38.720 DEBUG 1328 --- [http-nio-8090-exec-4] m.e.mapper.HotelMapper.selectPage        : ==> Parameters: 130(Long), 5(Long)
2022-06-04 20:26:38.721 DEBUG 1328 --- [http-nio-8090-exec-4] m.e.mapper.HotelMapper.selectPage        : <==      Total: 5
2022-06-04 20:26:39.122 DEBUG 1328 --- [http-nio-8090-exec-6] m.e.controller.HotelController           : 页码：22，页大小：5
2022-06-04 20:26:39.123 DEBUG 1328 --- [http-nio-8090-exec-6] m.e.m.HotelMapper.selectPage_mpCount     : ==>  Preparing: SELECT COUNT(*) AS total FROM tb_hotel
2022-06-04 20:26:39.123 DEBUG 1328 --- [http-nio-8090-exec-6] m.e.m.HotelMapper.selectPage_mpCount     : ==> Parameters: 
2022-06-04 20:26:39.125 DEBUG 1328 --- [http-nio-8090-exec-6] m.e.m.HotelMapper.selectPage_mpCount     : <==      Total: 1
2022-06-04 20:26:39.125 DEBUG 1328 --- [http-nio-8090-exec-6] m.e.mapper.HotelMapper.selectPage        : ==>  Preparing: SELECT id,name,address,price,score,brand,city,star_name,business,longitude,latitude,pic FROM tb_hotel LIMIT ?,?
2022-06-04 20:26:39.126 DEBUG 1328 --- [http-nio-8090-exec-6] m.e.mapper.HotelMapper.selectPage        : ==> Parameters: 105(Long), 5(Long)
2022-06-04 20:26:39.127 DEBUG 1328 --- [http-nio-8090-exec-6] m.e.mapper.HotelMapper.selectPage        : <==      Total: 5
2022-06-04 20:26:39.379 DEBUG 1328 --- [http-nio-8090-exec-7] m.e.controller.HotelController           : 页码：17，页大小：5
2022-06-04 20:26:39.380 DEBUG 1328 --- [http-nio-8090-exec-7] m.e.m.HotelMapper.selectPage_mpCount     : ==>  Preparing: SELECT COUNT(*) AS total FROM tb_hotel
