2022-06-04 20:26:39.381 DEBUG 1328 --- [http-nio-8090-exec-7] m.e.m.HotelMapper.selectPage_mpCount     : ==> Parameters: 
2022-06-04 20:26:39.384 DEBUG 1328 --- [http-nio-8090-exec-7] m.e.m.HotelMapper.selectPage_mpCount     : <==      Total: 1
2022-06-04 20:26:39.384 DEBUG 1328 --- [http-nio-8090-exec-7] m.e.mapper.HotelMapper.selectPage        : ==>  Preparing: SELECT id,name,address,price,score,brand,city,star_name,business,longitude,latitude,pic FROM tb_hotel LIMIT ?,?
2022-06-04 20:26:39.385 DEBUG 1328 --- [http-nio-8090-exec-7] m.e.mapper.HotelMapper.selectPage        : ==> Parameters: 80(Long), 5(Long)
2022-06-04 20:26:39.386 DEBUG 1328 --- [http-nio-8090-exec-7] m.e.mapper.HotelMapper.selectPage        : <==      Total: 5
2022-06-04 20:26:40.400 DEBUG 1328 --- [http-nio-8090-exec-9] m.e.controller.HotelController           : 页码：12，页大小：5
2022-06-04 20:26:40.401 DEBUG 1328 --- [http-nio-8090-exec-9] m.e.m.HotelMapper.selectPage_mpCount     : ==>  Preparing: SELECT COUNT(*) AS total FROM tb_hotel
2022-06-04 20:26:40.401 DEBUG 1328 --- [http-nio-8090-exec-9] m.e.m.HotelMapper.selectPage_mpCount     : ==> Parameters: 
2022-06-04 20:26:40.403 DEBUG 1328 --- [http-nio-8090-exec-9] m.e.m.HotelMapper.selectPage_mpCount     : <==      Total: 1
2022-06-04 20:26:40.403 DEBUG 1328 --- [http-nio-8090-exec-9] m.e.mapper.HotelMapper.selectPage        : ==>  Preparing: SELECT id,name,address,price,score,brand,city,star_name,business,longitude,latitude,pic FROM tb_hotel LIMIT ?,?
2022-06-04 20:26:40.403 DEBUG 1328 --- [http-nio-8090-exec-9] m.e.mapper.HotelMapper.selectPage        : ==> Parameters: 55(Long), 5(Long)
2022-06-04 20:26:40.404 DEBUG 1328 --- [http-nio-8090-exec-9] m.e.mapper.HotelMapper.selectPage        : <==      Total: 5
2022-06-04 20:26:42.627 DEBUG 1328 --- [http-nio-8090-exec-10] m.e.controller.HotelController           : 页码：7，页大小：5
2022-06-04 20:26:42.628 DEBUG 1328 --- [http-nio-8090-exec-10] m.e.m.HotelMapper.selectPage_mpCount     : ==>  Preparing: SELECT COUNT(*) AS total FROM tb_hotel
2022-06-04 20:26:42.628 DEBUG 1328 --- [http-nio-8090-exec-10] m.e.m.HotelMapper.selectPage_mpCount     : ==> Parameters: 
2022-06-04 20:26:42.630 DEBUG 1328 --- [http-nio-8090-exec-10] m.e.m.HotelMapper.selectPage_mpCount     : <==      Total: 1
2022-06-04 20:26:42.630 DEBUG 1328 --- [http-nio-8090-exec-10] m.e.mapper.HotelMapper.selectPage        : ==>  Preparing: SELECT id,name,address,price,score,brand,city,star_name,business,longitude,latitude,pic FROM tb_hotel LIMIT ?,?
2022-06-04 20:26:42.630 DEBUG 1328 --- [http-nio-8090-exec-10] m.e.mapper.HotelMapper.selectPage        : ==> Parameters: 30(Long), 5(Long)
2022-06-04 20:26:42.631 DEBUG 1328 --- [http-nio-8090-exec-10] m.e.mapper.HotelMapper.selectPage        : <==      Total: 5
2022-06-04 20:26:43.469 DEBUG 1328 --- [http-nio-8090-exec-2] m.e.controller.HotelController           : 页码：2，页大小：5
2022-06-04 20:26:43.470 DEBUG 1328 --- [http-nio-8090-exec-2] m.e.m.HotelMapper.selectPage_mpCount     : ==>  Preparing: SELECT COUNT(*) AS total FROM tb_hotel
2022-06-04 20:26:43.470 DEBUG 1328 --- [http-nio-8090-exec-2] m.e.m.HotelMapper.selectPage_mpCount     : ==> Parameters: 
2022-06-04 20:26:43.471 DEBUG 1328 --- [http-nio-8090-exec-2] m.e.m.HotelMapper.selectPage_mpCount     : <==      Total: 1
2022-06-04 20:26:43.472 DEBUG 1328 --- [http-nio-8090-exec-2] m.e.mapper.HotelMapper.selectPage        : ==>  Preparing: SELECT id,name,address,price,score,brand,city,star_name,business,longitude,latitude,pic FROM tb_hotel LIMIT ?,?
2022-06-04 20:26:43.472 DEBUG 1328 --- [http-nio-8090-exec-2] m.e.mapper.HotelMapper.selectPage        : ==> Parameters: 5(Long), 5(Long)
2022-06-04 20:26:43.473 DEBUG 1328 --- [http-nio-8090-exec-2] m.e.mapper.HotelMapper.selectPage        : <==      Total: 5
2022-06-04 20:26:44.482 DEBUG 1328 --- [http-nio-8090-exec-3] m.e.controller.HotelController           : 页码：1，页大小：5
2022-06-04 20:26:44.483 DEBUG 1328 --- [http-nio-8090-exec-3] m.e.m.HotelMapper.selectPage_mpCount     : ==>  Preparing: SELECT COUNT(*) AS total FROM tb_hotel
2022-06-04 20:26:44.483 DEBUG 1328 --- [http-nio-8090-exec-3] m.e.m.HotelMapper.selectPage_mpCount     : ==> Parameters: 
2022-06-04 20:26:44.484 DEBUG 1328 --- [http-nio-8090-exec-3] m.e.m.HotelMapper.selectPage_mpCount     : <==      Total: 1
2022-06-04 20:26:44.485 DEBUG 1328 --- [http-nio-8090-exec-3] m.e.mapper.HotelMapper.selectPage        : ==>  Preparing: SELECT id,name,address,price,score,brand,city,star_name,business,longitude,latitude,pic FROM tb_hotel LIMIT ?
2022-06-04 20:26:44.485 DEBUG 1328 --- [http-nio-8090-exec-3] m.e.mapper.HotelMapper.selectPage        : ==> Parameters: 5(Long)
2022-06-04 20:26:44.486 DEBUG 1328 --- [http-nio-8090-exec-3] m.e.mapper.HotelMapper.selectPage        : <==      Total: 5
2022-06-04 20:26:46.035 DEBUG 1328 --- [http-nio-8090-exec-5] m.e.controller.HotelController           : 页码：6，页大小：5
2022-06-04 20:26:46.036 DEBUG 1328 --- [http-nio-8090-exec-5] m.e.m.HotelMapper.selectPage_mpCount     : ==>  Preparing: SELECT COUNT(*) AS total FROM tb_hotel
2022-06-04 20:26:46.037 DEBUG 1328 --- [http-nio-8090-exec-5] m.e.m.HotelMapper.selectPage_mpCount     : ==> Parameters: 
2022-06-04 20:26:46.038 DEBUG 1328 --- [http-nio-8090-exec-5] m.e.m.HotelMapper.selectPage_mpCount     : <==      Total: 1
2022-06-04 20:26:46.039 DEBUG 1328 --- [http-nio-8090-exec-5] m.e.mapper.HotelMapper.selectPage        : ==>  Preparing: SELECT id,name,address,price,score,brand,city,star_name,business,longitude,latitude,pic FROM tb_hotel LIMIT ?,?
2022-06-04 20:26:46.039 DEBUG 1328 --- [http-nio-8090-exec-5] m.e.mapper.HotelMapper.selectPage        : ==> Parameters: 25(Long), 5(Long)
2022-06-04 20:26:46.040 DEBUG 1328 --- [http-nio-8090-exec-5] m.e.mapper.HotelMapper.selectPage        : <==      Total: 5
2022-06-04 20:26:46.847 DEBUG 1328 --- [http-nio-8090-exec-8] m.e.controller.HotelController           : 页码：11，页大小：5
2022-06-04 20:26:46.848 DEBUG 1328 --- [http-nio-8090-exec-8] m.e.m.HotelMapper.selectPage_mpCount     : ==>  Preparing: SELECT COUNT(*) AS total FROM tb_hotel
2022-06-04 20:26:46.848 DEBUG 1328 --- [http-nio-8090-exec-8] m.e.m.HotelMapper.selectPage_mpCount     : ==> Parameters: 
2022-06-04 20:26:46.850 DEBUG 1328 --- [http-nio-8090-exec-8] m.e.m.HotelMapper.selectPage_mpCount     : <==      Total: 1
2022-06-04 20:26:46.850 DEBUG 1328 --- [http-nio-8090-exec-8] m.e.mapper.HotelMapper.selectPage        : ==>  Preparing: SELECT id,name,address,price,score,brand,city,star_name,business,longitude,latitude,pic FROM tb_hotel LIMIT ?,?
2022-06-04 20:26:46.850 DEBUG 1328 --- [http-nio-8090-exec-8] m.e.mapper.HotelMapper.selectPage        : ==> Parameters: 50(Long), 5(Long)
2022-06-04 20:26:46.851 DEBUG 1328 --- [http-nio-8090-exec-8] m.e.mapper.HotelMapper.selectPage        : <==      Total: 5
2022-06-04 20:26:47.287 DEBUG 1328 --- [http-nio-8090-exec-4] m.e.controller.HotelController           : 页码：16，页大小：5
2022-06-04 20:26:47.288 DEBUG 1328 --- [http-nio-8090-exec-4] m.e.m.HotelMapper.selectPage_mpCount     : ==>  Preparing: SELECT COUNT(*) AS total FROM tb_hotel
2022-06-04 20:26:47.289 DEBUG 1328 --- [http-nio-8090-exec-4] m.e.m.HotelMapper.selectPage_mpCount     : ==> Parameters: 
2022-06-04 20:26:47.290 DEBUG 1328 --- [http-nio-8090-exec-4] m.e.m.HotelMapper.selectPage_mpCount     : <==      Total: 1
2022-06-04 20:26:47.290 DEBUG 1328 --- [http-nio-8090-exec-4] m.e.mapper.HotelMapper.selectPage        : ==>  Preparing: SELECT id,name,address,price,score,brand,city,star_name,business,longitude,latitude,pic FROM tb_hotel LIMIT ?,?
2022-06-04 20:26:47.291 DEBUG 1328 --- [http-nio-8090-exec-4] m.e.mapper.HotelMapper.selectPage        : ==> Parameters: 75(Long), 5(Long)
2022-06-04 20:26:47.291 DEBUG 1328 --- [http-nio-8090-exec-4] m.e.mapper.HotelMapper.selectPage        : <==      Total: 5
2022-06-04 20:26:48.012 DEBUG 1328 --- [http-nio-8090-exec-6] m.e.controller.HotelController           : 页码：21，页大小：5
2022-06-04 20:26:48.013 DEBUG 1328 --- [http-nio-8090-exec-6] m.e.m.HotelMapper.selectPage_mpCount     : ==>  Preparing: SELECT COUNT(*) AS total FROM tb_hotel
2022-06-04 20:26:48.013 DEBUG 1328 --- [http-nio-8090-exec-6] m.e.m.HotelMapper.selectPage_mpCount     : ==> Parameters: 
2022-06-04 20:26:48.015 DEBUG 1328 --- [http-nio-8090-exec-6] m.e.m.HotelMapper.selectPage_mpCount     : <==      Total: 1
2022-06-04 20:26:48.015 DEBUG 1328 --- [http-nio-8090-exec-6] m.e.mapper.HotelMapper.selectPage        : ==>  Preparing: SELECT id,name,address,price,score,brand,city,star_name,business,longitude,latitude,pic FROM tb_hotel LIMIT ?,?
2022-06-04 20:26:48.016 DEBUG 1328 --- [http-nio-8090-exec-6] m.e.mapper.HotelMapper.selectPage        : ==> Parameters: 100(Long), 5(Long)
2022-06-04 20:26:48.017 DEBUG 1328 --- [http-nio-8090-exec-6] m.e.mapper.HotelMapper.selectPage        : <==      Total: 5
2022-06-04 20:26:49.539 DEBUG 1328 --- [http-nio-8090-exec-7] m.e.controller.HotelController           : 页码：26，页大小：5
2022-06-04 20:26:49.540 DEBUG 1328 --- [http-nio-8090-exec-7] m.e.m.HotelMapper.selectPage_mpCount     : ==>  Preparing: SELECT COUNT(*) AS total FROM tb_hotel
2022-06-04 20:26:49.540 DEBUG 1328 --- [http-nio-8090-exec-7] m.e.m.HotelMapper.selectPage_mpCount     : ==> Parameters: 
2022-06-04 20:26:49.542 DEBUG 1328 --- [http-nio-8090-exec-7] m.e.m.HotelMapper.selectPage_mpCount     : <==      Total: 1
2022-06-04 20:26:49.542 DEBUG 1328 --- [http-nio-8090-exec-7] m.e.mapper.HotelMapper.selectPage        : ==>  Preparing: SELECT id,name,address,price,score,brand,city,star_name,business,longitude,latitude,pic FROM tb_hotel LIMIT ?,?
2022-06-04 20:26:49.542 DEBUG 1328 --- [http-nio-8090-exec-7] m.e.mapper.HotelMapper.selectPage        : ==> Parameters: 125(Long), 5(Long)
2022-06-04 20:26:49.543 DEBUG 1328 --- [http-nio-8090-exec-7] m.e.mapper.HotelMapper.selectPage        : <==      Total: 5
2022-06-04 20:26:50.392 DEBUG 1328 --- [http-nio-8090-exec-9] m.e.controller.HotelController           : 页码：31，页大小：5
2022-06-04 20:26:50.393 DEBUG 1328 --- [http-nio-8090-exec-9] m.e.m.HotelMapper.selectPage_mpCount     : ==>  Preparing: SELECT COUNT(*) AS total FROM tb_hotel
2022-06-04 20:26:50.393 DEBUG 1328 --- [http-nio-8090-exec-9] m.e.m.HotelMapper.selectPage_mpCount     : ==> Parameters: 
2022-06-04 20:26:50.394 DEBUG 1328 --- [http-nio-8090-exec-9] m.e.m.HotelMapper.selectPage_mpCount     : <==      Total: 1
2022-06-04 20:26:50.395 DEBUG 1328 --- [http-nio-8090-exec-9] m.e.mapper.HotelMapper.selectPage        : ==>  Preparing: SELECT id,name,address,price,score,brand,city,star_name,business,longitude,latitude,pic FROM tb_hotel LIMIT ?,?
2022-06-04 20:26:50.395 DEBUG 1328 --- [http-nio-8090-exec-9] m.e.mapper.HotelMapper.selectPage        : ==> Parameters: 150(Long), 5(Long)
2022-06-04 20:26:50.396 DEBUG 1328 --- [http-nio-8090-exec-9] m.e.mapper.HotelMapper.selectPage        : <==      Total: 5
2022-06-04 20:26:50.830 DEBUG 1328 --- [http-nio-8090-exec-1] m.e.controller.HotelController           : 页码：36，页大小：5
2022-06-04 20:26:50.831 DEBUG 1328 --- [http-nio-8090-exec-1] m.e.m.HotelMapper.selectPage_mpCount     : ==>  Preparing: SELECT COUNT(*) AS total FROM tb_hotel
2022-06-04 20:26:50.831 DEBUG 1328 --- [http-nio-8090-exec-1] m.e.m.HotelMapper.selectPage_mpCount     : ==> Parameters: 
2022-06-04 20:26:50.832 DEBUG 1328 --- [http-nio-8090-exec-1] m.e.m.HotelMapper.selectPage_mpCount     : <==      Total: 1
2022-06-04 20:26:50.833 DEBUG 1328 --- [http-nio-8090-exec-1] m.e.mapper.HotelMapper.selectPage        : ==>  Preparing: SELECT id,name,address,price,score,brand,city,star_name,business,longitude,latitude,pic FROM tb_hotel LIMIT ?,?
2022-06-04 20:26:50.833 DEBUG 1328 --- [http-nio-8090-exec-1] m.e.mapper.HotelMapper.selectPage        : ==> Parameters: 175(Long), 5(Long)
2022-06-04 20:26:50.834 DEBUG 1328 --- [http-nio-8090-exec-1] m.e.mapper.HotelMapper.selectPage        : <==      Total: 5
2022-06-04 20:26:51.294 DEBUG 1328 --- [http-nio-8090-exec-10] m.e.controller.HotelController           : 页码：41，页大小：5
2022-06-04 20:26:51.295 DEBUG 1328 --- [http-nio-8090-exec-10] m.e.m.HotelMapper.selectPage_mpCount     : ==>  Preparing: SELECT COUNT(*) AS total FROM tb_hotel
2022-06-04 20:26:51.295 DEBUG 1328 --- [http-nio-8090-exec-10] m.e.m.HotelMapper.selectPage_mpCount     : ==> Parameters: 
2022-06-04 20:26:51.297 DEBUG 1328 --- [http-nio-8090-exec-10] m.e.m.HotelMapper.selectPage_mpCount     : <==      Total: 1
2022-06-04 20:26:51.297 DEBUG 1328 --- [http-nio-8090-exec-10] m.e.mapper.HotelMapper.selectPage        : ==>  Preparing: SELECT id,name,address,price,score,brand,city,star_name,business,longitude,latitude,pic FROM tb_hotel LIMIT ?,?
2022-06-04 20:26:51.297 DEBUG 1328 --- [http-nio-8090-exec-10] m.e.mapper.HotelMapper.selectPage        : ==> Parameters: 200(Long), 5(Long)
2022-06-04 20:26:51.298 DEBUG 1328 --- [http-nio-8090-exec-10] m.e.mapper.HotelMapper.selectPage        : <==      Total: 1
2022-06-04 20:26:55.599 DEBUG 1328 --- [http-nio-8090-exec-2] m.e.controller.HotelController           : 页码：36，页大小：5
2022-06-04 20:26:55.600 DEBUG 1328 --- [http-nio-8090-exec-2] m.e.m.HotelMapper.selectPage_mpCount     : ==>  Preparing: SELECT COUNT(*) AS total FROM tb_hotel
2022-06-04 20:26:55.600 DEBUG 1328 --- [http-nio-8090-exec-2] m.e.m.HotelMapper.selectPage_mpCount     : ==> Parameters: 
2022-06-04 20:26:55.601 DEBUG 1328 --- [http-nio-8090-exec-2] m.e.m.HotelMapper.selectPage_mpCount     : <==      Total: 1
2022-06-04 20:26:55.602 DEBUG 1328 --- [http-nio-8090-exec-2] m.e.mapper.HotelMapper.selectPage        : ==>  Preparing: SELECT id,name,address,price,score,brand,city,star_name,business,longitude,latitude,pic FROM tb_hotel LIMIT ?,?
2022-06-04 20:26:55.602 DEBUG 1328 --- [http-nio-8090-exec-2] m.e.mapper.HotelMapper.selectPage        : ==> Parameters: 175(Long), 5(Long)
2022-06-04 20:26:55.603 DEBUG 1328 --- [http-nio-8090-exec-2] m.e.mapper.HotelMapper.selectPage        : <==      Total: 5
2022-06-04 20:26:56.683 DEBUG 1328 --- [http-nio-8090-exec-3] m.e.controller.HotelController           : 页码：31，页大小：5
2022-06-04 20:26:56.684 DEBUG 1328 --- [http-nio-8090-exec-3] m.e.m.HotelMapper.selectPage_mpCount     : ==>  Preparing: SELECT COUNT(*) AS total FROM tb_hotel
2022-06-04 20:26:56.684 DEBUG 1328 --- [http-nio-8090-exec-3] m.e.m.HotelMapper.selectPage_mpCount     : ==> Parameters: 
2022-06-04 20:26:56.685 DEBUG 1328 --- [http-nio-8090-exec-3] m.e.m.HotelMapper.selectPage_mpCount     : <==      Total: 1
2022-06-04 20:26:56.686 DEBUG 1328 --- [http-nio-8090-exec-3] m.e.mapper.HotelMapper.selectPage        : ==>  Preparing: SELECT id,name,address,price,score,brand,city,star_name,business,longitude,latitude,pic FROM tb_hotel LIMIT ?,?
2022-06-04 20:26:56.686 DEBUG 1328 --- [http-nio-8090-exec-3] m.e.mapper.HotelMapper.selectPage        : ==> Parameters: 150(Long), 5(Long)
2022-06-04 20:26:56.687 DEBUG 1328 --- [http-nio-8090-exec-3] m.e.mapper.HotelMapper.selectPage        : <==      Total: 5
2022-06-04 20:43:19.428  INFO 1328 --- [SpringApplicationShutdownHook] com.alibaba.druid.pool.DruidDataSource   : {dataSource-1} closing ...
2022-06-04 20:43:19.431  INFO 1328 --- [SpringApplicationShutdownHook] com.alibaba.druid.pool.DruidDataSource   : {dataSource-1} closed
